d:\dev\cppseries\hangman\bin\intermediates\win32\debug\vc142.pdb
d:\dev\cppseries\hangman\bin\intermediates\win32\debug\vc142.idb
d:\dev\cppseries\hangman\bin\intermediates\win32\debug\words.obj
d:\dev\cppseries\hangman\bin\intermediates\win32\debug\drawing.obj
d:\dev\cppseries\hangman\bin\intermediates\win32\debug\main.obj
d:\dev\cppseries\hangman\bin\intermediates\win32\debug\log.obj
d:\dev\cppseries\hangman\bin\intermediates\win32\debug\gamefunctions.obj
d:\dev\cppseries\hangman\bin\intermediates\win32\debug\dialogue.obj
d:\dev\cppseries\hangman\\bin\win32\debug\hangman.pdb
d:\dev\cppseries\hangman\bin\intermediates\win32\debug\hangman.tlog\cl.command.1.tlog
d:\dev\cppseries\hangman\bin\intermediates\win32\debug\hangman.tlog\cl.read.1.tlog
d:\dev\cppseries\hangman\bin\intermediates\win32\debug\hangman.tlog\cl.write.1.tlog
d:\dev\cppseries\hangman\bin\intermediates\win32\debug\hangman.tlog\link-cvtres.read.1.tlog
d:\dev\cppseries\hangman\bin\intermediates\win32\debug\hangman.tlog\link-cvtres.write.1.tlog
d:\dev\cppseries\hangman\bin\intermediates\win32\debug\hangman.tlog\link-rc.read.1.tlog
d:\dev\cppseries\hangman\bin\intermediates\win32\debug\hangman.tlog\link-rc.write.1.tlog
d:\dev\cppseries\hangman\bin\intermediates\win32\debug\hangman.tlog\link.21000-cvtres.read.1.tlog
d:\dev\cppseries\hangman\bin\intermediates\win32\debug\hangman.tlog\link.21000-cvtres.write.1.tlog
d:\dev\cppseries\hangman\bin\intermediates\win32\debug\hangman.tlog\link.21000-rc.read.1.tlog
d:\dev\cppseries\hangman\bin\intermediates\win32\debug\hangman.tlog\link.21000-rc.write.1.tlog
d:\dev\cppseries\hangman\bin\intermediates\win32\debug\hangman.tlog\link.21000.read.1.tlog
d:\dev\cppseries\hangman\bin\intermediates\win32\debug\hangman.tlog\link.21000.write.1.tlog
d:\dev\cppseries\hangman\bin\intermediates\win32\debug\hangman.tlog\link.command.1.tlog
d:\dev\cppseries\hangman\bin\intermediates\win32\debug\hangman.tlog\link.read.1.tlog
d:\dev\cppseries\hangman\bin\intermediates\win32\debug\hangman.tlog\link.write.1.tlog
